import { createEvent as __stencil_createEvent } from "@stencil/core";
import { getConnect as __stencil_getConnect } from "@stencil/core";
import { getContext as __stencil_getContext } from "@stencil/core";
import { getElement as __stencil_getElement } from "@stencil/core";
import { Host as __stencil_Host } from "@stencil/core";
import { h as __stencil_h } from "@stencil/core";
import { registerInstance as __stencil_registerInstance } from "@stencil/core";
import { h } from '@stencil/core';
export class appMenu {
    constructor(hostRef) {
        __stencil_registerInstance(this, hostRef);
        this.value = this.message;
        // handleClicek(){
        //   window.alert('Hola')
        // }
        this.handleToggle = () => {
            let button = document.getElementById('openButton');
            let inner = document.getElementById('inner-menu');
            let content = document.getElementById('content');
            button.classList.toggle('toggle');
            button.classList.toggle('transition');
            inner.classList.toggle('toggle');
            inner.classList.toggle('showMenu');
            inner.classList.toggle('transition');
            content.classList.toggle('toggle');
            content.classList.toggle('transition');
            content.classList.toggle('hide');
            setTimeout(function () {
                button.classList.toggle("transition");
                inner.classList.toggle("transition");
            }, 350);
        };
    }
    menuToggle() {
        let item = document.getElementById('item');
        item.classList.toggle('toggle');
        item.classList.toggle('transition');
        setTimeout(function () {
            item.classList.toggle("transition");
        }, 350);
    }
    render() {
        return (h("div", { id: "color" }, h("div", { id: "bg-opacity" }), h("div", { id: "wrapper", class: "center" }, h("button", { id: "openButton", onClick: () => this.handleToggle(), class: "float hide noselect" }, h("div", { class: "chevron" })), h("div", { id: "inner-menu" }, h("div", { id: "content", class: "hide center" }, h("p", null, this.value), h("div", { class: "item" }, h("input", { type: "checkbox", id: "A", value: "Item1" }), h("span", { class: "inner-chevron " }), h("label", { htmlFor: "A" }, "ITEM 1"), h("ul", null, h("li", null, h("a", { href: "#" }, "Menu ", h("span", null, "Option 1"))), h("li", null, h("a", { href: "#" }, "Menu ", h("span", null, "Option 2"))), h("li", null, h("a", { href: "#" }, "Menu ", h("span", null, "Option 3"))), h("li", null, h("a", { href: "#" }, "Menu ", h("span", null, "Option 4"))))), h("div", { class: "item" }, h("input", { type: "checkbox", id: "B", value: "Item2" }), h("span", { class: "inner-chevron " }), h("label", { htmlFor: "B" }, "ITEM 2"), h("ul", null, h("li", null, h("a", { href: "#" }, "Menu ", h("span", null, "Option 5"))), h("li", null, h("a", { href: "#" }, "Menu ", h("span", null, "Option 6"))), h("li", null, h("a", { href: "#" }, "Menu ", h("span", null, "Option 7"))), h("li", null, h("a", { href: "#" }, "Menu ", h("span", null, "Option 8"))))), h("div", { class: "item" }, h("input", { type: "checkbox", id: "C", value: "Item3" }), h("span", { class: "inner-chevron " }), h("label", { htmlFor: "C" }, "ITEM 3"), h("ul", null, h("li", null, h("a", { href: "#" }, "Menu ", h("span", null, "Option 9"))), h("li", null, h("a", { href: "#" }, "Menu ", h("span", null, "Option 10"))), h("li", null, h("a", { href: "#" }, "Menu ", h("span", null, "Option 11"))), h("li", null, h("a", { href: "#" }, "Menu ", h("span", null, "Option 12"))))), h("div", { class: "item" }, h("input", { type: "checkbox", id: "D", value: "Item4" }), h("span", { class: "inner-chevron " }), h("label", { htmlFor: "C" }, "ITEM 4"), h("ul", null, h("li", null, h("a", { href: "#" }, "Menu ", h("span", null, "Option 9"))), h("li", null, h("a", { href: "#" }, "Menu ", h("span", null, "Option 10"))), h("li", null, h("a", { href: "#" }, "Menu ", h("span", null, "Option 11"))), h("li", null, h("a", { href: "#" }, "Menu ", h("span", null, "Option 12"))))), h("div", { class: "item" }, h("input", { type: "checkbox", id: "E", value: "Item5" }), h("span", { class: "inner-chevron " }), h("label", { htmlFor: "C" }, "ITEM 5"), h("ul", null, h("li", null, h("a", { href: "#" }, "Menu ", h("span", null, "Option 9"))), h("li", null, h("a", { href: "#" }, "Menu ", h("span", null, "Option 10"))), h("li", null, h("a", { href: "#" }, "Menu ", h("span", null, "Option 11"))), h("li", null, h("a", { href: "#" }, "Menu ", h("span", null, "Option 12"))))), h("div", { class: "help22", id: "help" }, h("ul", null, h("li", null, h("a", { href: "#" }, h("span", { class: "far" }), "Help Center")))))))));
    }
    static get style() { return "STYLE_TEXT_PLACEHOLDER:app-menu"; }
}
